Classic Timing Analyzer report for signal_var
Wed Jan 01 23:24:02 2020
Quartus II Version 9.0 Build 132 02/25/2009 SJ Full Version


---------------------
; Table of Contents ;
---------------------
  1. Legal Notice
  2. Timing Analyzer Summary
  3. Timing Analyzer Settings
  4. Clock Settings Summary
  5. Parallel Compilation
  6. tsu
  7. tco
  8. th
  9. Timing Analyzer Messages



----------------
; Legal Notice ;
----------------
Copyright (C) 1991-2009 Altera Corporation
Your use of Altera Corporation's design tools, logic functions 
and other software and tools, and its AMPP partner logic 
functions, and any output files from any of the foregoing 
(including device programming or simulation files), and any 
associated documentation or information are expressly subject 
to the terms and conditions of the Altera Program License 
Subscription Agreement, Altera MegaCore Function License 
Agreement, or other applicable license agreement, including, 
without limitation, that your use is for the sole purpose of 
programming logic devices manufactured by Altera and sold by 
Altera or its authorized distributors.  Please refer to the 
applicable agreement for further details.



+---------------------------------------------------------------------------------------------------------------------------------------+
; Timing Analyzer Summary                                                                                                               ;
+------------------------------+-------+---------------+-------------+-------------+-------------+------------+----------+--------------+
; Type                         ; Slack ; Required Time ; Actual Time ; From        ; To          ; From Clock ; To Clock ; Failed Paths ;
+------------------------------+-------+---------------+-------------+-------------+-------------+------------+----------+--------------+
; Worst-case tsu               ; N/A   ; None          ; 2.538 ns    ; d_in        ; d_out$latch ; --         ; en       ; 0            ;
; Worst-case tco               ; N/A   ; None          ; 5.402 ns    ; d_out$latch ; d_out       ; en         ; --       ; 0            ;
; Worst-case th                ; N/A   ; None          ; -2.037 ns   ; d_in        ; d_out$latch ; --         ; en       ; 0            ;
; Total number of failed paths ;       ;               ;             ;             ;             ;            ;          ; 0            ;
+------------------------------+-------+---------------+-------------+-------------+-------------+------------+----------+--------------+


+--------------------------------------------------------------------------------------------------------------------+
; Timing Analyzer Settings                                                                                           ;
+---------------------------------------------------------------------+--------------------+------+----+-------------+
; Option                                                              ; Setting            ; From ; To ; Entity Name ;
+---------------------------------------------------------------------+--------------------+------+----+-------------+
; Device Name                                                         ; EP2S30F484C3       ;      ;    ;             ;
; Timing Models                                                       ; Final              ;      ;    ;             ;
; Default hold multicycle                                             ; Same as Multicycle ;      ;    ;             ;
; Cut paths between unrelated clock domains                           ; On                 ;      ;    ;             ;
; Cut off read during write signal paths                              ; On                 ;      ;    ;             ;
; Cut off feedback from I/O pins                                      ; On                 ;      ;    ;             ;
; Report Combined Fast/Slow Timing                                    ; Off                ;      ;    ;             ;
; Ignore Clock Settings                                               ; Off                ;      ;    ;             ;
; Analyze latches as synchronous elements                             ; On                 ;      ;    ;             ;
; Enable Recovery/Removal analysis                                    ; Off                ;      ;    ;             ;
; Enable Clock Latency                                                ; Off                ;      ;    ;             ;
; Use TimeQuest Timing Analyzer                                       ; Off                ;      ;    ;             ;
; Minimum Core Junction Temperature                                   ; 0                  ;      ;    ;             ;
; Maximum Core Junction Temperature                                   ; 85                 ;      ;    ;             ;
; Number of source nodes to report per destination node               ; 10                 ;      ;    ;             ;
; Number of destination nodes to report                               ; 10                 ;      ;    ;             ;
; Number of paths to report                                           ; 200                ;      ;    ;             ;
; Report Minimum Timing Checks                                        ; Off                ;      ;    ;             ;
; Use Fast Timing Models                                              ; Off                ;      ;    ;             ;
; Report IO Paths Separately                                          ; Off                ;      ;    ;             ;
; Perform Multicorner Analysis                                        ; On                 ;      ;    ;             ;
; Reports the worst-case path for each clock domain and analysis      ; Off                ;      ;    ;             ;
; Removes common clock path pessimism (CCPP) during slack computation ; Off                ;      ;    ;             ;
; Output I/O Timing Endpoint                                          ; Near End           ;      ;    ;             ;
+---------------------------------------------------------------------+--------------------+------+----+-------------+


+------------------------------------------------------------------------------------------------------------------------------------------------------------------------------------+
; Clock Settings Summary                                                                                                                                                             ;
+-----------------+--------------------+----------+------------------+---------------+--------------+----------+-----------------------+---------------------+--------+--------------+
; Clock Node Name ; Clock Setting Name ; Type     ; Fmax Requirement ; Early Latency ; Late Latency ; Based on ; Multiply Base Fmax by ; Divide Base Fmax by ; Offset ; Phase offset ;
+-----------------+--------------------+----------+------------------+---------------+--------------+----------+-----------------------+---------------------+--------+--------------+
; en              ;                    ; User Pin ; None             ; 0.000 ns      ; 0.000 ns     ; --       ; N/A                   ; N/A                 ; N/A    ;              ;
+-----------------+--------------------+----------+------------------+---------------+--------------+----------+-----------------------+---------------------+--------+--------------+


+------------------------------------------+
; Parallel Compilation                     ;
+----------------------------+-------------+
; Processors                 ; Number      ;
+----------------------------+-------------+
; Number detected on machine ; 4           ;
; Maximum allowed            ; 4           ;
;                            ;             ;
; Average used               ; 1.00        ;
; Maximum used               ; 1           ;
;                            ;             ;
; Usage by Processor         ; % Time Used ;
;     1 processor            ; 100.0%      ;
;     2-4 processors         ;   0.0%      ;
+----------------------------+-------------+


+-------------------------------------------------------------------+
; tsu                                                               ;
+-------+--------------+------------+------+-------------+----------+
; Slack ; Required tsu ; Actual tsu ; From ; To          ; To Clock ;
+-------+--------------+------------+------+-------------+----------+
; N/A   ; None         ; 2.538 ns   ; d_in ; d_out$latch ; en       ;
+-------+--------------+------------+------+-------------+----------+


+----------------------------------------------------------------------+
; tco                                                                  ;
+-------+--------------+------------+-------------+-------+------------+
; Slack ; Required tco ; Actual tco ; From        ; To    ; From Clock ;
+-------+--------------+------------+-------------+-------+------------+
; N/A   ; None         ; 5.402 ns   ; d_out$latch ; d_out ; en         ;
+-------+--------------+------------+-------------+-------+------------+


+-------------------------------------------------------------------------+
; th                                                                      ;
+---------------+-------------+-----------+------+-------------+----------+
; Minimum Slack ; Required th ; Actual th ; From ; To          ; To Clock ;
+---------------+-------------+-----------+------+-------------+----------+
; N/A           ; None        ; -2.037 ns ; d_in ; d_out$latch ; en       ;
+---------------+-------------+-----------+------+-------------+----------+


+--------------------------+
; Timing Analyzer Messages ;
+--------------------------+
Info: *******************************************************************
Info: Running Quartus II Classic Timing Analyzer
    Info: Version 9.0 Build 132 02/25/2009 SJ Full Version
    Info: Processing started: Wed Jan 01 23:24:01 2020
Info: Command: quartus_tan --read_settings_files=off --write_settings_files=off signal_var -c signal_var --timing_analysis_only
Info: Parallel compilation is enabled and will use 4 of the 4 processors detected
Warning: Timing Analysis is analyzing one or more combinational loops as latches
    Warning: Node "d_out$latch" is a latch
Warning: Found pins functioning as undefined clocks and/or memory enables
    Info: Assuming node "en" is a latch enable and/or memory write/read enable. Will not compute fmax for this pin.
Info: tsu for register "d_out$latch" (data pin = "d_in", clock pin = "en") is 2.538 ns
    Info: + Longest pin to register delay is 4.982 ns
        Info: 1: + IC(0.000 ns) + CELL(0.827 ns) = 0.827 ns; Loc. = PIN_W12; Fanout = 1; PIN Node = 'd_in'
        Info: 2: + IC(3.798 ns) + CELL(0.357 ns) = 4.982 ns; Loc. = LCCOMB_X28_Y2_N16; Fanout = 1; REG Node = 'd_out$latch'
        Info: Total cell delay = 1.184 ns ( 23.77 % )
        Info: Total interconnect delay = 3.798 ns ( 76.23 % )
    Info: + Micro setup delay of destination is 0.501 ns
    Info: - Shortest clock path from clock "en" to destination register is 2.945 ns
        Info: 1: + IC(0.000 ns) + CELL(0.827 ns) = 0.827 ns; Loc. = PIN_D12; Fanout = 1; CLK Node = 'en'
        Info: 2: + IC(2.065 ns) + CELL(0.053 ns) = 2.945 ns; Loc. = LCCOMB_X28_Y2_N16; Fanout = 1; REG Node = 'd_out$latch'
        Info: Total cell delay = 0.880 ns ( 29.88 % )
        Info: Total interconnect delay = 2.065 ns ( 70.12 % )
Info: tco from clock "en" to destination pin "d_out" through register "d_out$latch" is 5.402 ns
    Info: + Longest clock path from clock "en" to source register is 2.945 ns
        Info: 1: + IC(0.000 ns) + CELL(0.827 ns) = 0.827 ns; Loc. = PIN_D12; Fanout = 1; CLK Node = 'en'
        Info: 2: + IC(2.065 ns) + CELL(0.053 ns) = 2.945 ns; Loc. = LCCOMB_X28_Y2_N16; Fanout = 1; REG Node = 'd_out$latch'
        Info: Total cell delay = 0.880 ns ( 29.88 % )
        Info: Total interconnect delay = 2.065 ns ( 70.12 % )
    Info: + Micro clock to output delay of source is 0.000 ns
    Info: + Longest register to pin delay is 2.457 ns
        Info: 1: + IC(0.000 ns) + CELL(0.000 ns) = 0.000 ns; Loc. = LCCOMB_X28_Y2_N16; Fanout = 1; REG Node = 'd_out$latch'
        Info: 2: + IC(0.505 ns) + CELL(1.952 ns) = 2.457 ns; Loc. = PIN_V12; Fanout = 0; PIN Node = 'd_out'
        Info: Total cell delay = 1.952 ns ( 79.45 % )
        Info: Total interconnect delay = 0.505 ns ( 20.55 % )
Info: th for register "d_out$latch" (data pin = "d_in", clock pin = "en") is -2.037 ns
    Info: + Longest clock path from clock "en" to destination register is 2.945 ns
        Info: 1: + IC(0.000 ns) + CELL(0.827 ns) = 0.827 ns; Loc. = PIN_D12; Fanout = 1; CLK Node = 'en'
        Info: 2: + IC(2.065 ns) + CELL(0.053 ns) = 2.945 ns; Loc. = LCCOMB_X28_Y2_N16; Fanout = 1; REG Node = 'd_out$latch'
        Info: Total cell delay = 0.880 ns ( 29.88 % )
        Info: Total interconnect delay = 2.065 ns ( 70.12 % )
    Info: + Micro hold delay of destination is 0.000 ns
    Info: - Shortest pin to register delay is 4.982 ns
        Info: 1: + IC(0.000 ns) + CELL(0.827 ns) = 0.827 ns; Loc. = PIN_W12; Fanout = 1; PIN Node = 'd_in'
        Info: 2: + IC(3.798 ns) + CELL(0.357 ns) = 4.982 ns; Loc. = LCCOMB_X28_Y2_N16; Fanout = 1; REG Node = 'd_out$latch'
        Info: Total cell delay = 1.184 ns ( 23.77 % )
        Info: Total interconnect delay = 3.798 ns ( 76.23 % )
Info: Quartus II Classic Timing Analyzer was successful. 0 errors, 3 warnings
    Info: Peak virtual memory: 190 megabytes
    Info: Processing ended: Wed Jan 01 23:24:02 2020
    Info: Elapsed time: 00:00:01
    Info: Total CPU time (on all processors): 00:00:00


